14:10:34.947 [Execution worker] WARN  o.a.i.h.AndroidManifestFinder:514 - A class activity declared in the AndroidManifest.xml cannot be found in the compile path: [androidx.profileinstaller.ProfileInstallReceiver]
14:10:34.955 [Execution worker] WARN  o.a.i.h.AndroidManifestFinder:514 - A class activity declared in the AndroidManifest.xml cannot be found in the compile path: [androidx.startup.InitializationProvider]
14:33:30.247 [Execution worker Thread 6] WARN  o.a.i.h.AndroidManifestFinder:514 - A class activity declared in the AndroidManifest.xml cannot be found in the compile path: [androidx.profileinstaller.ProfileInstallReceiver]
14:33:30.300 [Execution worker Thread 6] WARN  o.a.i.h.AndroidManifestFinder:514 - A class activity declared in the AndroidManifest.xml cannot be found in the compile path: [androidx.startup.InitializationProvider]
14:37:36.191 [included builds] WARN  o.a.i.h.AndroidManifestFinder:514 - A class activity declared in the AndroidManifest.xml cannot be found in the compile path: [androidx.profileinstaller.ProfileInstallReceiver]
14:37:36.222 [included builds] WARN  o.a.i.h.AndroidManifestFinder:514 - A class activity declared in the AndroidManifest.xml cannot be found in the compile path: [androidx.startup.InitializationProvider]
14:54:52.762 [Execution worker Thread 5] WARN  o.a.i.h.AndroidManifestFinder:514 - A class activity declared in the AndroidManifest.xml cannot be found in the compile path: [androidx.profileinstaller.ProfileInstallReceiver]
14:54:52.801 [Execution worker Thread 5] WARN  o.a.i.h.AndroidManifestFinder:514 - A class activity declared in the AndroidManifest.xml cannot be found in the compile path: [androidx.startup.InitializationProvider]
14:56:28.239 [Execution worker] WARN  o.a.i.h.AndroidManifestFinder:514 - A class activity declared in the AndroidManifest.xml cannot be found in the compile path: [androidx.profileinstaller.ProfileInstallReceiver]
14:56:28.266 [Execution worker] WARN  o.a.i.h.AndroidManifestFinder:514 - A class activity declared in the AndroidManifest.xml cannot be found in the compile path: [androidx.startup.InitializationProvider]
15:02:26.149 [Execution worker Thread 5] WARN  o.a.i.h.AndroidManifestFinder:514 - A class activity declared in the AndroidManifest.xml cannot be found in the compile path: [androidx.profileinstaller.ProfileInstallReceiver]
15:02:26.183 [Execution worker Thread 5] WARN  o.a.i.h.AndroidManifestFinder:514 - A class activity declared in the AndroidManifest.xml cannot be found in the compile path: [androidx.startup.InitializationProvider]
15:14:27.431 [Execution worker Thread 3] WARN  o.a.i.h.AndroidManifestFinder:514 - A class activity declared in the AndroidManifest.xml cannot be found in the compile path: [androidx.profileinstaller.ProfileInstallReceiver]
15:14:27.477 [Execution worker Thread 3] WARN  o.a.i.h.AndroidManifestFinder:514 - A class activity declared in the AndroidManifest.xml cannot be found in the compile path: [androidx.startup.InitializationProvider]
15:25:51.389 [included builds] WARN  o.a.i.h.AndroidManifestFinder:514 - A class activity declared in the AndroidManifest.xml cannot be found in the compile path: [androidx.profileinstaller.ProfileInstallReceiver]
15:25:51.424 [included builds] WARN  o.a.i.h.AndroidManifestFinder:514 - A class activity declared in the AndroidManifest.xml cannot be found in the compile path: [androidx.startup.InitializationProvider]
15:38:10.262 [included builds] WARN  o.a.i.h.AndroidManifestFinder:514 - A class activity declared in the AndroidManifest.xml cannot be found in the compile path: [androidx.profileinstaller.ProfileInstallReceiver]
15:38:10.308 [included builds] WARN  o.a.i.h.AndroidManifestFinder:514 - A class activity declared in the AndroidManifest.xml cannot be found in the compile path: [androidx.startup.InitializationProvider]
15:40:08.272 [Execution worker Thread 5] WARN  o.a.i.h.AndroidManifestFinder:514 - A class activity declared in the AndroidManifest.xml cannot be found in the compile path: [androidx.profileinstaller.ProfileInstallReceiver]
15:40:08.285 [Execution worker Thread 5] WARN  o.a.i.h.AndroidManifestFinder:514 - A class activity declared in the AndroidManifest.xml cannot be found in the compile path: [androidx.startup.InitializationProvider]
16:07:45.366 [Execution worker] WARN  o.a.i.h.AndroidManifestFinder:514 - A class activity declared in the AndroidManifest.xml cannot be found in the compile path: [androidx.profileinstaller.ProfileInstallReceiver]
16:07:45.418 [Execution worker] WARN  o.a.i.h.AndroidManifestFinder:514 - A class activity declared in the AndroidManifest.xml cannot be found in the compile path: [androidx.startup.InitializationProvider]
16:10:31.468 [Execution worker Thread 4] WARN  o.a.i.h.AndroidManifestFinder:514 - A class activity declared in the AndroidManifest.xml cannot be found in the compile path: [androidx.profileinstaller.ProfileInstallReceiver]
16:10:31.509 [Execution worker Thread 4] WARN  o.a.i.h.AndroidManifestFinder:514 - A class activity declared in the AndroidManifest.xml cannot be found in the compile path: [androidx.startup.InitializationProvider]
16:12:45.987 [Execution worker] WARN  o.a.i.h.AndroidManifestFinder:514 - A class activity declared in the AndroidManifest.xml cannot be found in the compile path: [androidx.profileinstaller.ProfileInstallReceiver]
16:12:46.23 [Execution worker] WARN  o.a.i.h.AndroidManifestFinder:514 - A class activity declared in the AndroidManifest.xml cannot be found in the compile path: [androidx.startup.InitializationProvider]
